Using pre-set license
Built from '2021.1/staging' branch; Version is '2021.1.18f1 (25bdc3efbc2d) revision 2473411'; Using compiler version '192528614'; Build Type 'Release'
OS: 'Windows 10 Home; OS build 19043.1288; Version 2009; 64bit' Language: 'en' Physical Memory: 16300 MB
BatchMode: 1, IsHumanControllingUs: 0, StartBugReporterOnCrash: 0, Is64bit: 1, IsPro: 0

COMMAND LINE ARGUMENTS:
C:\Program Files\Unity\Hub\Editor\2021.1.18f1\Editor\Unity.exe
-adb2
-batchMode
-noUpm
-name
AssetImportWorker0
-projectPath
C:/Users/ewanr/Documents/GitHub/Unit 1 2D Game
-logFile
Logs/AssetImportWorker0.log
-srvPort
54497
Successfully changed project path to: C:/Users/ewanr/Documents/GitHub/Unit 1 2D Game
C:/Users/ewanr/Documents/GitHub/Unit 1 2D Game
Using Asset Import Pipeline V2.
Refreshing native plugins compatible for Editor in 110.78 ms, found 4 plugins.
Preloading 0 native plugins for Editor in 0.00 ms.
Initialize engine version: 2021.1.18f1 (25bdc3efbc2d)
[Subsystems] Discovering subsystems at path C:/Program Files/Unity/Hub/Editor/2021.1.18f1/Editor/Data/Resources/UnitySubsystems
[Subsystems] Discovering subsystems at path C:/Users/ewanr/Documents/GitHub/Unit 1 2D Game/Assets
GfxDevice: creating device client; threaded=0; jobified=0
Direct3D:
    Version:  Direct3D 11.0 [level 11.1]
    Renderer: NVIDIA GeForce GTX 1660 SUPER (ID=0x21c4)
    Vendor:   NVIDIA
    VRAM:     5991 MB
    Driver:   30.0.14.7212
Initialize mono
Mono path[0] = 'C:/Program Files/Unity/Hub/Editor/2021.1.18f1/Editor/Data/Managed'
Mono path[1] = 'C:/Program Files/Unity/Hub/Editor/2021.1.18f1/Editor/Data/MonoBleedingEdge/lib/mono/unityjit'
Mono config path = 'C:/Program Files/Unity/Hub/Editor/2021.1.18f1/Editor/Data/MonoBleedingEdge/etc'
Using monoOptions --debugger-agent=transport=dt_socket,embedding=1,server=y,suspend=n,address=127.0.0.1:56140
Begin MonoManager ReloadAssembly
Registering precompiled unity dll's ...
Register platform support module: C:/Program Files/Unity/Hub/Editor/2021.1.18f1/Editor/Data/PlaybackEngines/WindowsStandaloneSupport/UnityEditor.WindowsStandalone.Extensions.dll
Registered in 0.001620 seconds.
Native extension for WindowsStandalone target not found
Refreshing native plugins compatible for Editor in 111.70 ms, found 4 plugins.
Preloading 0 native plugins for Editor in 0.00 ms.
Mono: successfully reloaded assembly
- Completed reload, in  1.098 seconds
Domain Reload Profiling:
	ReloadAssembly (1098ms)
		BeginReloadAssembly (57ms)
			ExecutionOrderSort (0ms)
			DisableScriptedObjects (0ms)
			BackupInstance (0ms)
			ReleaseScriptingObjects (0ms)
			CreateAndSetChildDomain (1ms)
		EndReloadAssembly (456ms)
			LoadAssemblies (55ms)
			RebuildTransferFunctionScriptingTraits (0ms)
			SetupTypeCache (149ms)
			ReleaseScriptCaches (0ms)
			RebuildScriptCaches (27ms)
			SetupLoadedEditorAssemblies (238ms)
				LogAssemblyErrors (0ms)
				InitializePlatformSupportModulesInManaged (6ms)
				SetLoadedEditorAssemblies (0ms)
				RefreshPlugins (112ms)
				BeforeProcessingInitializeOnLoad (1ms)
				ProcessInitializeOnLoadAttributes (91ms)
				ProcessInitializeOnLoadMethodAttributes (28ms)
				AfterProcessingInitializeOnLoad (0ms)
				EditorAssembliesLoaded (0ms)
			ExecutionOrderSort2 (0ms)
			AwakeInstancesAfterBackupRestoration (0ms)
Platform modules already initialized, skipping
Registering precompiled user dll's ...
Registered in 0.005256 seconds.
Begin MonoManager ReloadAssembly
Symbol file LoadedFromMemory doesn't match image C:\Users\ewanr\Documents\GitHub\Unit 1 2D Game\Library\PackageCache\com.unity.visualscripting@1.6.1\Editor\VisualScripting.Core\Dependencies\YamlDotNet\Unity.VisualScripting.YamlDotNet.dll
Symbol file LoadedFromMemory doesn't match image C:\Users\ewanr\Documents\GitHub\Unit 1 2D Game\Library\PackageCache\com.unity.visualscripting@1.6.1\Editor\VisualScripting.Core\Dependencies\DotNetZip\Unity.VisualScripting.IonicZip.dll
Native extension for WindowsStandalone target not found
Refreshing native plugins compatible for Editor in 110.99 ms, found 4 plugins.
Preloading 0 native plugins for Editor in 0.00 ms.
Mono: successfully reloaded assembly
- Completed reload, in  1.259 seconds
Domain Reload Profiling:
	ReloadAssembly (1259ms)
		BeginReloadAssembly (141ms)
			ExecutionOrderSort (0ms)
			DisableScriptedObjects (4ms)
			BackupInstance (0ms)
			ReleaseScriptingObjects (0ms)
			CreateAndSetChildDomain (18ms)
		EndReloadAssembly (1063ms)
			LoadAssemblies (90ms)
			RebuildTransferFunctionScriptingTraits (0ms)
			SetupTypeCache (329ms)
			ReleaseScriptCaches (1ms)
			RebuildScriptCaches (49ms)
			SetupLoadedEditorAssemblies (504ms)
				LogAssemblyErrors (0ms)
				InitializePlatformSupportModulesInManaged (4ms)
				SetLoadedEditorAssemblies (0ms)
				RefreshPlugins (111ms)
				BeforeProcessingInitializeOnLoad (86ms)
				ProcessInitializeOnLoadAttributes (283ms)
				ProcessInitializeOnLoadMethodAttributes (15ms)
				AfterProcessingInitializeOnLoad (6ms)
				EditorAssembliesLoaded (0ms)
			ExecutionOrderSort2 (0ms)
			AwakeInstancesAfterBackupRestoration (7ms)
Platform modules already initialized, skipping
========================================================================
Worker process is ready to serve import requests
Launched and connected shader compiler UnityShaderCompiler.exe after 0.05 seconds
Refreshing native plugins compatible for Editor in 0.96 ms, found 4 plugins.
Preloading 0 native plugins for Editor in 0.00 ms.
Unloading 3680 Unused Serialized files (Serialized files now loaded: 0)
System memory in use before: 136.8 MB.
System memory in use after: 137.1 MB.

Unloading 32 unused Assets to reduce memory usage. Loaded Objects now: 4128.
Total: 3.265300 ms (FindLiveObjects: 0.291600 ms CreateObjectMapping: 0.170200 ms MarkObjects: 2.749400 ms  DeleteObjects: 0.052700 ms)

AssetImportParameters requested are different than current active one (requested -> active):
  custom:framework-win-MediaFoundation: 216162199b28c13a410421893ffa2e32 -> 
  custom:video-decoder-ogg-theora: a1e56fd34408186e4bbccfd4996cb3dc -> 
  custom:container-muxer-webm: aa71ff27fc2769a1b78a27578f13a17b -> 
  custom:container-demuxer-webm: 4f35f7cbe854078d1ac9338744f61a02 -> 
  custom:container-demuxer-ogg: 62fdf1f143b41e24485cea50d1cbac27 -> 
  custom:video-encoder-webm-vp8: eb34c28f22e8b96e1ab97ce403110664 -> 
  custom:video-decoder-webm-vp8: 9c59270c3fd7afecdb556c50c9e8de78 -> 
  custom:audio-decoder-ogg-vorbis: bf7c407c2cedff20999df2af8eb42d56 -> 
  custom:audio-encoder-webm-vorbis: bf7c407c2cedff20999df2af8eb42d56 -> 
========================================================================
Received Import Request.
  path: Assets/Map/warped-files/warped-files/Demo/assets/environment
  artifactKey: Guid(1c1948d9423a5ac4a93b061d1886d97d) Importer(815301076,1909f56bfc062723c751e8b465ee728b)
Start importing Assets/Map/warped-files/warped-files/Demo/assets/environment using Guid(1c1948d9423a5ac4a93b061d1886d97d) Importer(815301076,1909f56bfc062723c751e8b465ee728b)  -> (artifact id: '8a3f8e9ee164e2116179fc1c42fed0bc') in 0.009973 seconds 
========================================================================
Received Import Request.
  Time since last request: 0.000230 seconds.
  path: Assets/Map/warped-files/warped-files/Demo/assets/environment/tilesets.png
  artifactKey: Guid(63ec8a5806cc8544fb3e59463b1159df) Importer(815301076,1909f56bfc062723c751e8b465ee728b)
Start importing Assets/Map/warped-files/warped-files/Demo/assets/environment/tilesets.png using Guid(63ec8a5806cc8544fb3e59463b1159df) Importer(815301076,1909f56bfc062723c751e8b465ee728b)  -> (artifact id: '617948488214ed59e0ea9c1d786f7d18') in 0.106194 seconds 
========================================================================
Received Import Request.
  Time since last request: 0.000246 seconds.
  path: Assets/Map/warped-files/warped-files/Demo/assets/environment/middleground.png
  artifactKey: Guid(09ffffea5b7c19d4698f44f161839a41) Importer(815301076,1909f56bfc062723c751e8b465ee728b)
Start importing Assets/Map/warped-files/warped-files/Demo/assets/environment/middleground.png using Guid(09ffffea5b7c19d4698f44f161839a41) Importer(815301076,1909f56bfc062723c751e8b465ee728b)  -> (artifact id: 'ba2665d8a3430cd375fa1fa796149c2c') in 0.017260 seconds 
========================================================================
Received Import Request.
  Time since last request: 0.000153 seconds.
  path: Assets/Map/warped-files/warped-files/Demo/assets/environment/background.png
  artifactKey: Guid(b9861a8d1d1af3e4b826d1fa8fe1df37) Importer(815301076,1909f56bfc062723c751e8b465ee728b)
Start importing Assets/Map/warped-files/warped-files/Demo/assets/environment/background.png using Guid(b9861a8d1d1af3e4b826d1fa8fe1df37) Importer(815301076,1909f56bfc062723c751e8b465ee728b)  -> (artifact id: 'cb12565b5d40c5eb9cf79c4944f37825') in 0.018013 seconds 
========================================================================
Received Import Request.
  Time since last request: 0.000159 seconds.
  path: Assets/Map/warped-files/warped-files/Demo/assets/environment/walls.png
  artifactKey: Guid(d5d08850d68856e4e9b358aefa31e05f) Importer(815301076,1909f56bfc062723c751e8b465ee728b)
Start importing Assets/Map/warped-files/warped-files/Demo/assets/environment/walls.png using Guid(d5d08850d68856e4e9b358aefa31e05f) Importer(815301076,1909f56bfc062723c751e8b465ee728b)  -> (artifact id: '21c746ca660f15bee5de38ff7ef08e64') in 0.016288 seconds 
========================================================================
Received Import Request.
  Time since last request: 46.696374 seconds.
  path: Assets/Map/warped-files/warped-files/Demo/assets/atlas/atlas-props.json
  artifactKey: Guid(0a63915abe0b69a4d8c998b02df4ba13) Importer(815301076,1909f56bfc062723c751e8b465ee728b)
Start importing Assets/Map/warped-files/warped-files/Demo/assets/atlas/atlas-props.json using Guid(0a63915abe0b69a4d8c998b02df4ba13) Importer(815301076,1909f56bfc062723c751e8b465ee728b)  -> (artifact id: 'a93f55b503fbd98b105a3a39007a1913') in 0.013453 seconds 
========================================================================
Received Import Request.
  Time since last request: 5.675815 seconds.
  path: Assets/Map/warped-files/warped-files/Demo/assets/atlas/atlas-props.tps
  artifactKey: Guid(82e197f653dabd84084913e20993481f) Importer(815301076,1909f56bfc062723c751e8b465ee728b)
Start importing Assets/Map/warped-files/warped-files/Demo/assets/atlas/atlas-props.tps using Guid(82e197f653dabd84084913e20993481f) Importer(815301076,1909f56bfc062723c751e8b465ee728b)  -> (artifact id: 'fa981b4c3da878e3640faa1e86afc58a') in 0.004483 seconds 
========================================================================
Received Import Request.
  Time since last request: 0.552435 seconds.
  path: Assets/Map/warped-files/warped-files/Demo/assets/atlas/atlas.json
  artifactKey: Guid(94b9ef9fd768b474bab518aa17e25085) Importer(815301076,1909f56bfc062723c751e8b465ee728b)
Start importing Assets/Map/warped-files/warped-files/Demo/assets/atlas/atlas.json using Guid(94b9ef9fd768b474bab518aa17e25085) Importer(815301076,1909f56bfc062723c751e8b465ee728b)  -> (artifact id: 'f88c3af2a9fd23978c78ce4df5031f93') in 0.005608 seconds 
========================================================================
Received Import Request.
  Time since last request: 2.797889 seconds.
  path: Assets/Map/warped-files/warped-files/Demo/assets/atlas/atlas.tps
  artifactKey: Guid(6f4e47e32e2712140b27cab241ab8cfc) Importer(815301076,1909f56bfc062723c751e8b465ee728b)
Start importing Assets/Map/warped-files/warped-files/Demo/assets/atlas/atlas.tps using Guid(6f4e47e32e2712140b27cab241ab8cfc) Importer(815301076,1909f56bfc062723c751e8b465ee728b)  -> (artifact id: '2b2cc375cae12b54c4fddbe627866cf6') in 0.002184 seconds 
